<?xml version="1.0" encoding="UTF-8"?>
<!-- Generated by org.testng.reporters.JUnitReportReporter -->
<testsuite skipped="0" hostname="DESKTOP-JNH96DL" name="com.inetBanking.testCases.TC_LoginTest_001" tests="1" failures="0" timestamp="12 Feb 2019 18:21:00 GMT" time="1.344" errors="0">
  <testcase name="loginTest" time="1.344" classname="com.inetBanking.testCases.TC_LoginTest_001"/>
</testsuite> <!-- com.inetBanking.testCases.TC_LoginTest_001 -->
